TN:
SF:src\app.ts
FN:32,constructor
FN:40,instance
FN:44,initializeMiddlewares
FN:73,initializeDocs
FN:78,(anonymous_4)
FN:81,(anonymous_5)
FN:84,(anonymous_6)
FN:91,(anonymous_7)
FN:105,initializeRoutes
FN:115,(anonymous_9)
FN:120,(anonymous_10)
FN:123,initializeErrorHandling
FNF:12
FNH:8
FNDA:1,constructor
FNDA:1,instance
FNDA:1,initializeMiddlewares
FNDA:1,initializeDocs
FNDA:1,(anonymous_4)
FNDA:0,(anonymous_5)
FNDA:0,(anonymous_6)
FNDA:0,(anonymous_7)
FNDA:1,initializeRoutes
FNDA:6,(anonymous_9)
FNDA:0,(anonymous_10)
FNDA:1,initializeErrorHandling
DA:28,1
DA:29,1
DA:33,1
DA:34,1
DA:35,1
DA:36,1
DA:37,1
DA:41,1
DA:45,1
DA:64,1
DA:65,1
DA:66,1
DA:67,1
DA:68,1
DA:69,1
DA:70,1
DA:74,1
DA:75,1
DA:76,1
DA:77,1
DA:79,1
DA:81,0
DA:84,1
DA:85,0
DA:86,0
DA:88,0
DA:91,1
DA:92,0
DA:93,0
DA:95,0
DA:106,1
DA:115,1
DA:116,6
DA:120,1
DA:124,1
LF:35
LH:28
BRDA:75,0,0,1
BRDA:75,0,1,0
BRDA:85,1,0,0
BRDA:85,1,1,0
BRDA:92,2,0,0
BRDA:92,2,1,0
BRF:6
BRH:1
end_of_record
TN:
SF:src\container.ts
FNF:0
FNH:0
DA:8,1
DA:9,1
DA:10,1
DA:11,1
LF:4
LH:4
BRF:0
BRH:0
end_of_record
TN:
SF:src\server.ts
FN:20,start
FN:30,(anonymous_1)
FN:36,(anonymous_2)
FN:46,handleGracefulShutdown
FN:47,(anonymous_4)
FN:51,(anonymous_5)
FN:64,(anonymous_6)
FN:65,(anonymous_7)
FNF:8
FNH:0
FNDA:0,start
FNDA:0,(anonymous_1)
FNDA:0,(anonymous_2)
FNDA:0,handleGracefulShutdown
FNDA:0,(anonymous_4)
FNDA:0,(anonymous_5)
FNDA:0,(anonymous_6)
FNDA:0,(anonymous_7)
DA:18,0
DA:19,0
DA:21,0
DA:23,0
DA:26,0
DA:29,0
DA:30,0
DA:31,0
DA:35,0
DA:36,0
DA:39,0
DA:41,0
DA:42,0
DA:47,0
DA:48,0
DA:49,0
DA:51,0
DA:52,0
DA:53,0
DA:54,0
DA:55,0
DA:56,0
DA:58,0
DA:59,0
DA:64,0
DA:65,0
DA:70,0
LF:27
LH:0
BRF:0
BRH:0
end_of_record
TN:
SF:src\common\base.repository.ts
FN:13,constructor
FN:15,findAll
FN:19,findById
FN:23,findOne
FN:27,create
FN:31,update
FN:37,delete
FNF:7
FNH:7
FNDA:3,constructor
FNDA:1,findAll
FNDA:9,findById
FNDA:24,findOne
FNDA:22,create
FNDA:3,update
FNDA:3,delete
DA:13,3
DA:16,1
DA:20,9
DA:24,24
DA:28,22
DA:32,3
DA:33,3
DA:34,3
DA:38,3
LF:9
LH:9
BRDA:15,0,0,1
BRDA:15,1,0,1
BRDA:33,2,0,0
BRDA:33,2,1,3
BRF:4
BRH:3
end_of_record
TN:
SF:src\common\base.route.ts
FN:17,constructor
FN:24,registerRoute
FN:62,get
FN:66,post
FN:70,put
FN:74,patch
FN:78,delete
FNF:7
FNH:6
FNDA:6,constructor
FNDA:21,registerRoute
FNDA:11,get
FNDA:4,post
FNDA:3,put
FNDA:0,patch
FNDA:3,delete
DA:18,6
DA:19,6
DA:31,21
DA:32,21
DA:33,21
DA:35,21
DA:36,0
DA:41,21
DA:43,21
DA:44,13
DA:45,0
DA:49,13
DA:50,13
DA:51,8
DA:52,1
DA:53,1
DA:56,21
DA:57,21
DA:59,21
DA:63,11
DA:67,4
DA:71,3
DA:75,0
DA:79,3
LF:24
LH:21
BRDA:35,0,0,0
BRDA:35,0,1,21
BRDA:35,1,0,21
BRDA:35,1,1,14
BRDA:35,1,2,13
BRDA:43,2,0,13
BRDA:43,2,1,8
BRDA:44,3,0,0
BRDA:44,3,1,13
BRDA:51,4,0,1
BRDA:51,4,1,7
BRF:11
BRH:9
end_of_record
TN:
SF:src\common\response.ts
FN:4,resSuccess
FN:8,resFailed
FNF:2
FNH:2
FNDA:2,resSuccess
FNDA:2,resFailed
DA:5,38
DA:9,9
DA:13,2
DA:14,2
LF:4
LH:4
BRF:0
BRH:0
end_of_record
TN:
SF:src\common\errors\AppError.ts
FN:5,constructor
FN:14,constructor_2
FN:20,constructor_3
FN:26,constructor_4
FN:32,constructor_5
FNF:5
FNH:4
FNDA:14,constructor
FNDA:0,constructor_2
FNDA:3,constructor_3
FNDA:7,constructor_4
FNDA:3,constructor_5
DA:6,14
DA:7,14
DA:8,14
DA:9,14
DA:15,0
DA:21,3
DA:27,7
DA:33,3
LF:8
LH:7
BRDA:5,0,0,14
BRDA:14,1,0,0
BRDA:20,2,0,3
BRDA:26,3,0,7
BRDA:32,4,0,3
BRF:5
BRH:4
end_of_record
TN:
SF:src\common\middlewares\error.middleware.ts
FN:11,(anonymous_0)
FN:22,(anonymous_1)
FNF:2
FNH:1
FNDA:10,(anonymous_0)
FNDA:0,(anonymous_1)
DA:11,10
DA:12,10
DA:13,10
DA:16,10
DA:17,9
DA:18,9
DA:19,9
DA:20,1
DA:21,0
DA:22,0
DA:23,0
DA:26,10
DA:27,1
DA:30,10
DA:38,2
LF:15
LH:12
BRDA:16,0,0,9
BRDA:16,0,1,1
BRDA:20,1,0,0
BRDA:20,1,1,1
BRDA:20,2,0,1
BRDA:20,2,1,1
BRDA:20,2,2,1
BRDA:26,3,0,1
BRDA:26,3,1,9
BRDA:27,4,0,1
BRDA:27,4,1,0
BRDA:33,5,0,9
BRDA:33,5,1,1
BRF:13
BRH:11
end_of_record
TN:
SF:src\common\middlewares\validate.middleware.ts
FN:6,handle
FN:7,(anonymous_1)
FN:20,(anonymous_2)
FNF:3
FNH:3
FNDA:2,handle
FNDA:40,(anonymous_1)
FNDA:2,(anonymous_2)
DA:7,16
DA:8,40
DA:9,40
DA:14,38
DA:15,38
DA:16,38
DA:17,38
DA:19,2
DA:20,2
DA:21,2
DA:23,0
DA:29,2
LF:12
LH:11
BRDA:14,0,0,31
BRDA:14,0,1,7
BRDA:15,1,0,2
BRDA:15,1,1,36
BRDA:16,2,0,10
BRDA:16,2,1,28
BRDA:19,3,0,2
BRDA:19,3,1,0
BRF:8
BRH:7
end_of_record
TN:
SF:src\common\rbac\decorators.ts
FN:11,RequirePermission
FN:12,(anonymous_1)
FN:21,Authenticated
FN:22,(anonymous_3)
FN:30,Public
FN:31,(anonymous_5)
FNF:6
FNH:6
FNDA:13,RequirePermission
FNDA:13,(anonymous_1)
FNDA:1,Authenticated
FNDA:1,(anonymous_3)
FNDA:7,Public
FNDA:7,(anonymous_5)
DA:3,1
DA:4,1
DA:5,1
DA:12,13
DA:13,13
DA:22,1
DA:23,1
DA:31,7
DA:32,7
LF:9
LH:9
BRF:0
BRH:0
end_of_record
TN:
SF:src\common\rbac\permission.catalog.ts
FN:21,isValidPermission
FNF:1
FNH:1
FNDA:16,isValidPermission
DA:8,2
DA:22,16
LF:2
LH:2
BRF:0
BRH:0
end_of_record
TN:
SF:src\common\rbac\permission.middleware.ts
FN:15,constructor
FN:20,requireAuthentication
FN:21,(anonymous_2)
FN:23,(anonymous_3)
FN:31,requirePermission
FN:32,(anonymous_5)
FN:34,(anonymous_6)
FNF:7
FNH:7
FNDA:14,constructor
FNDA:1,requireAuthentication
FNDA:3,(anonymous_2)
FNDA:1,(anonymous_3)
FNDA:13,requirePermission
FNDA:20,(anonymous_5)
FNDA:19,(anonymous_6)
DA:14,1
DA:16,14
DA:17,14
DA:21,1
DA:22,3
DA:23,3
DA:24,1
DA:26,2
DA:32,13
DA:33,20
DA:34,20
DA:36,19
DA:37,19
DA:38,0
DA:41,19
DA:42,19
DA:43,3
DA:46,16
DA:47,16
DA:49,4
LF:20
LH:19
BRDA:37,0,0,0
BRDA:37,0,1,19
BRDA:42,1,0,3
BRDA:42,1,1,16
BRF:4
BRH:3
end_of_record
TN:
SF:src\common\rbac\permission.service.ts
FN:13,getPermissions
FN:41,hasPermission
FNF:2
FNH:2
FNDA:35,getPermissions
FNDA:19,hasPermission
DA:11,1
DA:12,1
DA:14,35
DA:31,35
DA:32,35
DA:33,32
DA:34,32
DA:35,256
DA:38,35
DA:42,19
DA:43,19
LF:11
LH:11
BRDA:33,0,0,32
BRDA:33,0,1,0
BRF:2
BRH:1
end_of_record
TN:
SF:src\common\rbac\guards\i-auth.guard.ts
FNF:0
FNH:0
LF:0
LH:0
BRF:0
BRH:0
end_of_record
TN:
SF:src\common\rbac\guards\jwt-auth.guard.ts
FN:10,verify
FNF:1
FNH:1
FNDA:28,verify
DA:8,2
DA:9,2
DA:11,28
DA:12,28
DA:14,28
DA:15,4
DA:18,24
DA:19,24
DA:20,21
DA:21,21
DA:22,21
DA:24,3
LF:12
LH:12
BRDA:14,0,0,4
BRDA:14,0,1,24
BRF:2
BRH:2
end_of_record
TN:
SF:src\common\types\decoded-user.ts
FNF:0
FNH:0
LF:0
LH:0
BRF:0
BRH:0
end_of_record
TN:
SF:src\common\types\i-request.ts
FNF:0
FNH:0
LF:0
LH:0
BRF:0
BRH:0
end_of_record
TN:
SF:src\common\utils\asyncHandler.ts
FN:4,handle
FN:5,(anonymous_1)
FNF:2
FNH:2
FNDA:1,handle
FNDA:45,(anonymous_1)
DA:5,21
DA:6,45
DA:11,1
LF:3
LH:3
BRF:0
BRH:0
end_of_record
TN:
SF:src\common\utils\hash.helper.ts
FN:4,hash
FN:8,compare
FNF:2
FNH:2
FNDA:2,hash
FNDA:2,compare
DA:5,12
DA:9,12
LF:2
LH:2
BRDA:4,0,0,12
BRF:1
BRH:1
end_of_record
TN:
SF:src\common\utils\logger.ts
FN:4,info
FN:8,error
FN:12,warn
FN:16,log
FNF:4
FNH:4
FNDA:2,info
FNDA:2,error
FNDA:2,warn
FNDA:2,log
DA:5,0
DA:9,0
DA:13,0
DA:17,2
DA:21,2
LF:5
LH:2
BRF:0
BRH:0
end_of_record
TN:
SF:src\common\utils\jwt\jwt.ts
FN:4,generateToken
FN:8,verifyToken
FN:9,(anonymous_2)
FN:10,(anonymous_3)
FN:17,decodeToken
FNF:5
FNH:5
FNDA:3,generateToken
FNDA:3,verifyToken
FNDA:28,(anonymous_2)
FNDA:28,(anonymous_3)
FNDA:3,decodeToken
DA:5,33
DA:9,28
DA:10,28
DA:11,28
DA:12,28
DA:18,22
LF:6
LH:6
BRDA:4,0,0,33
BRDA:11,1,0,3
BRDA:11,1,1,25
BRF:3
BRH:3
end_of_record
TN:
SF:src\common\utils\jwt\helpers\access-token.helper.ts
FN:6,generateAccessToken
FN:10,verifyAccessToken
FN:14,getUserPayloadFromAccessToken
FNF:3
FNH:3
FNDA:2,generateAccessToken
FNDA:2,verifyAccessToken
FNDA:2,getUserPayloadFromAccessToken
DA:7,10
DA:11,21
DA:15,20
LF:3
LH:3
BRDA:6,0,0,10
BRDA:6,1,0,10
BRF:2
BRH:2
end_of_record
TN:
SF:src\common\utils\jwt\helpers\refresh-token.helper.ts
FN:7,generateRefreshToken
FN:13,verifyRefreshToken
FN:17,getUserPayloadFromRefreshToken
FNF:3
FNH:3
FNDA:1,generateRefreshToken
FNDA:1,verifyRefreshToken
FNDA:1,getUserPayloadFromRefreshToken
DA:9,10
DA:10,10
DA:14,2
DA:18,0
LF:4
LH:3
BRDA:7,0,0,10
BRDA:7,1,0,10
BRDA:9,2,0,10
BRDA:9,2,1,0
BRF:4
BRH:3
end_of_record
TN:
SF:src\common\utils\jwt\helpers\session-token.helper.ts
FN:6,generateSessionToken
FN:10,verifySessionToken
FN:14,getSessionPayload
FN:18,getSessionId
FNF:4
FNH:4
FNDA:1,generateSessionToken
FNDA:1,verifySessionToken
FNDA:1,getSessionPayload
FNDA:1,getSessionId
DA:7,10
DA:11,2
DA:15,2
DA:19,2
LF:4
LH:4
BRDA:6,0,0,10
BRF:1
BRH:1
end_of_record
TN:
SF:src\config\app.ts
FN:11,(anonymous_0)
FN:19,(anonymous_1)
FN:28,(anonymous_2)
FN:37,(anonymous_3)
FNF:4
FNH:3
FNDA:0,(anonymous_0)
FNDA:1,(anonymous_1)
FNDA:1,(anonymous_2)
FNDA:1,(anonymous_3)
DA:11,1
DA:19,1
DA:24,1
DA:25,1
DA:26,1
DA:28,1
DA:37,1
LF:7
LH:7
BRDA:24,0,0,1
BRDA:24,0,1,1
BRDA:25,1,0,1
BRDA:25,1,1,0
BRDA:26,2,0,1
BRDA:26,2,1,0
BRF:6
BRH:4
end_of_record
TN:
SF:src\config\auth.ts
FN:15,(anonymous_0)
FNF:1
FNH:1
FNDA:19,(anonymous_0)
DA:6,1
DA:7,1
DA:8,1
DA:9,1
DA:10,1
DA:13,1
DA:15,19
LF:7
LH:7
BRDA:6,0,0,1
BRDA:6,0,1,1
BRDA:7,1,0,1
BRDA:7,1,1,1
BRDA:8,2,0,1
BRDA:8,2,1,1
BRDA:10,3,0,1
BRDA:10,3,1,1
BRF:8
BRH:8
end_of_record
TN:
SF:src\config\env.ts
FN:18,(anonymous_0)
FNF:1
FNH:1
FNDA:2,(anonymous_0)
DA:8,2
DA:10,2
DA:11,2
DA:12,2
DA:13,2
DA:14,2
DA:15,2
DA:16,2
DA:18,2
LF:9
LH:9
BRDA:10,0,0,2
BRDA:10,0,1,0
BRDA:12,1,0,2
BRDA:12,1,1,2
BRDA:16,2,0,2
BRDA:16,2,1,2
BRF:6
BRH:5
end_of_record
TN:
SF:src\database\connection.ts
FN:21,connectDatabase
FN:30,(anonymous_1)
FN:35,closeDatabase
FNF:3
FNH:2
FNDA:1,connectDatabase
FNDA:0,(anonymous_1)
FNDA:1,closeDatabase
DA:10,1
DA:22,1
DA:23,1
DA:24,1
DA:25,1
DA:27,0
DA:28,0
DA:29,0
DA:30,0
DA:36,1
LF:10
LH:6
BRDA:21,0,0,1
BRDA:21,1,0,1
BRDA:29,2,0,0
BRDA:29,2,1,0
BRF:4
BRH:2
end_of_record
TN:
SF:src\database\migrator.ts
FN:13,(anonymous_0)
FN:14,(anonymous_1)
FNF:2
FNH:1
FNDA:1,(anonymous_0)
FNDA:0,(anonymous_1)
DA:10,1
DA:13,1
DA:14,0
DA:18,1
LF:4
LH:3
BRF:0
BRH:0
end_of_record
TN:
SF:src\database\models\permission.model.ts
FN:38,(anonymous_0)
FNF:1
FNH:1
FNDA:2,(anonymous_0)
DA:17,1
DA:18,1
DA:29,1
DA:32,1
DA:35,1
DA:38,2
LF:6
LH:6
BRDA:32,0,0,0
BRDA:32,0,1,1
BRDA:35,1,0,0
BRDA:35,1,1,1
BRF:4
BRH:2
end_of_record
TN:
SF:src\database\models\role-permission.model.ts
FN:30,(anonymous_0)
FN:35,(anonymous_1)
FN:39,(anonymous_2)
FN:42,(anonymous_3)
FNF:4
FNH:4
FNDA:6,(anonymous_0)
FNDA:2,(anonymous_1)
FNDA:39,(anonymous_2)
FNDA:39,(anonymous_3)
DA:18,1
DA:23,1
DA:30,6
DA:35,2
DA:39,39
DA:42,39
DA:45,1
DA:48,1
LF:8
LH:8
BRDA:39,0,0,0
BRDA:39,0,1,1
BRDA:42,1,0,1
BRDA:42,1,1,0
BRDA:45,2,0,0
BRDA:45,2,1,1
BRDA:48,3,0,0
BRDA:48,3,1,1
BRF:8
BRH:4
end_of_record
TN:
SF:src\database\models\role.model.ts
FN:39,(anonymous_0)
FN:42,(anonymous_1)
FNF:2
FNH:2
FNDA:37,(anonymous_0)
FNDA:37,(anonymous_1)
DA:18,1
DA:19,1
DA:30,1
DA:33,1
DA:36,1
DA:39,37
DA:42,37
LF:7
LH:7
BRDA:33,0,0,0
BRDA:33,0,1,1
BRDA:36,1,0,0
BRDA:36,1,1,1
BRF:4
BRH:2
end_of_record
TN:
SF:src\database\models\session.model.ts
FN:25,(anonymous_0)
FN:36,(anonymous_1)
FNF:2
FNH:2
FNDA:2,(anonymous_0)
FNDA:2,(anonymous_1)
DA:17,1
DA:18,1
DA:25,2
DA:29,1
DA:36,2
DA:39,1
DA:42,1
LF:7
LH:7
BRDA:36,0,0,1
BRDA:36,0,1,0
BRDA:39,1,0,0
BRDA:39,1,1,1
BRDA:42,2,0,0
BRDA:42,2,1,1
BRF:6
BRH:3
end_of_record
TN:
SF:src\database\models\user-role.model.ts
FN:30,(anonymous_0)
FN:35,(anonymous_1)
FN:39,(anonymous_2)
FN:42,(anonymous_3)
FNF:4
FNH:4
FNDA:6,(anonymous_0)
FNDA:2,(anonymous_1)
FNDA:37,(anonymous_2)
FNDA:37,(anonymous_3)
DA:18,1
DA:23,1
DA:30,6
DA:35,2
DA:39,37
DA:42,37
DA:45,1
DA:48,1
LF:8
LH:8
BRDA:39,0,0,0
BRDA:39,0,1,1
BRDA:42,1,0,1
BRDA:42,1,1,0
BRDA:45,2,0,0
BRDA:45,2,1,1
BRDA:48,3,0,0
BRDA:48,3,1,1
BRF:8
BRH:4
end_of_record
TN:
SF:src\database\models\user.model.ts
FN:55,(anonymous_0)
FN:58,(anonymous_1)
FNF:2
FNH:2
FNDA:2,(anonymous_0)
FNDA:2,(anonymous_1)
DA:18,1
DA:19,1
DA:43,1
DA:46,1
DA:49,1
DA:52,1
DA:55,2
DA:58,2
LF:8
LH:8
BRDA:49,0,0,0
BRDA:49,0,1,1
BRDA:52,1,0,0
BRDA:52,1,1,1
BRF:4
BRH:2
end_of_record
TN:
SF:src\database\seeders\index.ts
FN:10,seed
FNF:1
FNH:1
FNDA:1,seed
DA:11,1
DA:15,1
DA:20,1
DA:21,8
DA:22,8
LF:5
LH:5
BRF:0
BRH:0
end_of_record
TN:
SF:src\health\health.checker.ts
FN:7,start
FN:12,(anonymous_1)
FN:24,stop
FNF:3
FNH:0
FNDA:0,start
FNDA:0,(anonymous_1)
FNDA:0,stop
DA:5,0
DA:8,0
DA:9,0
DA:12,0
DA:13,0
DA:14,0
DA:16,0
DA:21,0
DA:25,0
DA:26,0
DA:27,0
DA:28,0
LF:12
LH:0
BRDA:7,0,0,0
BRDA:8,1,0,0
BRDA:8,1,1,0
BRDA:25,2,0,0
BRDA:25,2,1,0
BRF:5
BRH:0
end_of_record
TN:
SF:src\health\health.controller.ts
FN:11,healthCheck
FN:21,dbHealthCheck
FNF:2
FNH:2
FNDA:1,healthCheck
FNDA:1,dbHealthCheck
DA:8,1
DA:9,1
DA:12,1
DA:17,1
DA:22,1
DA:23,1
DA:24,1
DA:26,0
DA:27,0
LF:9
LH:7
BRF:0
BRH:0
end_of_record
TN:
SF:src\health\health.route.ts
FN:10,constructor
FN:16,initializeRoutes
FNF:2
FNH:2
FNDA:1,constructor
FNDA:1,initializeRoutes
DA:6,1
DA:7,1
DA:11,1
DA:12,1
DA:13,1
DA:17,1
DA:18,1
LF:7
LH:7
BRF:0
BRH:0
end_of_record
TN:
SF:src\modules\auth\auth.controller.ts
FN:24,constructor
FN:29,setSessionCookie
FN:39,register
FN:56,login
FN:83,refreshToken
FN:132,logout
FNF:6
FNH:6
FNDA:1,constructor
FNDA:10,setSessionCookie
FNDA:11,register
FNDA:11,login
FNDA:3,refreshToken
FNDA:1,logout
DA:23,1
DA:25,1
DA:26,1
DA:30,10
DA:40,11
DA:41,11
DA:42,11
DA:43,11
DA:44,1
DA:47,10
DA:48,10
DA:50,0
DA:51,0
DA:57,11
DA:58,11
DA:59,11
DA:62,11
DA:63,2
DA:66,9
DA:67,9
DA:68,9
DA:70,9
DA:71,9
DA:73,9
DA:75,9
DA:77,0
DA:78,0
DA:84,3
DA:85,3
DA:86,3
DA:87,2
DA:90,1
DA:91,1
DA:93,0
DA:94,0
DA:97,1
DA:98,1
DA:99,1
DA:100,0
DA:101,0
DA:104,1
DA:105,1
DA:107,0
DA:108,0
DA:109,0
DA:112,1
DA:113,1
DA:114,0
DA:117,1
DA:118,1
DA:119,1
DA:121,1
DA:122,1
DA:124,1
DA:126,0
DA:127,0
DA:133,1
DA:134,1
DA:135,1
DA:136,0
DA:139,1
DA:140,1
DA:142,0
DA:145,1
DA:146,1
DA:147,1
DA:148,0
DA:149,0
DA:152,1
DA:153,1
DA:155,0
DA:156,0
DA:159,1
DA:160,1
DA:162,1
DA:164,0
DA:165,0
LF:77
LH:55
BRDA:43,0,0,1
BRDA:43,0,1,10
BRDA:62,1,0,2
BRDA:62,1,1,9
BRDA:62,2,0,11
BRDA:62,2,1,10
BRDA:86,3,0,2
BRDA:86,3,1,1
BRDA:99,4,0,0
BRDA:99,4,1,1
BRDA:113,5,0,0
BRDA:113,5,1,1
BRDA:135,6,0,0
BRDA:135,6,1,1
BRDA:147,7,0,0
BRDA:147,7,1,1
BRF:16
BRH:12
end_of_record
TN:
SF:src\modules\auth\auth.dto.ts
FNF:0
FNH:0
DA:3,1
DA:12,1
LF:2
LH:2
BRF:0
BRH:0
end_of_record
TN:
SF:src\modules\auth\auth.route.ts
FN:14,constructor
FN:20,initializeRoutes
FNF:2
FNH:2
FNDA:1,constructor
FNDA:1,initializeRoutes
DA:10,1
DA:11,1
DA:15,1
DA:16,1
DA:17,1
DA:21,1
DA:23,1
DA:24,1
DA:25,1
DA:26,1
LF:10
LH:10
BRF:0
BRH:0
end_of_record
TN:
SF:src\modules\auth\session.repository.ts
FN:11,constructor
FN:15,revokeSession
FNF:2
FNH:1
FNDA:1,constructor
FNDA:0,revokeSession
DA:9,1
DA:10,1
DA:12,1
DA:16,0
LF:4
LH:3
BRF:0
BRH:0
end_of_record
TN:
SF:src\modules\auth\session.service.ts
FN:6,constructor
FN:8,getAllSessions
FN:12,getOneSession
FN:16,getOneSessionById
FN:20,createSession
FN:24,updateOneSessionById
FN:28,deleteOneSessionById
FN:32,revokeSession
FNF:8
FNH:5
FNDA:1,constructor
FNDA:0,getAllSessions
FNDA:0,getOneSession
FNDA:2,getOneSessionById
FNDA:9,createSession
FNDA:1,updateOneSessionById
FNDA:1,deleteOneSessionById
FNDA:0,revokeSession
DA:5,1
DA:6,1
DA:9,0
DA:13,0
DA:17,2
DA:21,9
DA:25,1
DA:29,1
DA:33,0
LF:9
LH:6
BRDA:8,0,0,0
BRF:1
BRH:0
end_of_record
TN:
SF:src\modules\core\core.controller.ts
FN:9,index
FNF:1
FNH:1
FNDA:1,index
DA:6,1
DA:7,1
DA:10,1
DA:11,1
LF:4
LH:4
BRF:0
BRH:0
end_of_record
TN:
SF:src\modules\core\core.route.ts
FN:10,constructor
FN:16,initializeRoutes
FNF:2
FNH:2
FNDA:1,constructor
FNDA:1,initializeRoutes
DA:6,1
DA:7,1
DA:11,1
DA:12,1
DA:13,1
DA:17,1
LF:6
LH:6
BRF:0
BRH:0
end_of_record
TN:
SF:src\modules\core\socket.controller.ts
FN:16,SocketController
FN:19,(anonymous_1)
FNF:2
FNH:0
FNDA:0,SocketController
FNDA:0,(anonymous_1)
DA:17,0
DA:19,0
DA:20,0
LF:3
LH:0
BRF:0
BRH:0
end_of_record
TN:
SF:src\modules\roles\permissions.controller.ts
FN:10,getAllPermissions
FNF:1
FNH:1
FNDA:1,getAllPermissions
DA:7,1
DA:8,1
DA:11,1
LF:3
LH:3
BRF:0
BRH:0
end_of_record
TN:
SF:src\modules\roles\permissions.route.ts
FN:10,constructor
FN:16,initializeRoutes
FNF:2
FNH:2
FNDA:1,constructor
FNDA:1,initializeRoutes
DA:6,1
DA:7,1
DA:11,1
DA:12,1
DA:13,1
DA:17,1
LF:6
LH:6
BRF:0
BRH:0
end_of_record
TN:
SF:src\modules\roles\roles.controller.ts
FN:12,constructor
FN:15,getAllRoles
FN:26,getRoleById
FN:40,createRole
FN:53,updateRoleById
FN:68,replaceRolePermissions
FN:87,deleteRoleById
FN:101,getRolePermissions
FN:112,(anonymous_8)
FN:120,syncPermissions
FN:127,(anonymous_10)
FNF:11
FNH:9
FNDA:1,constructor
FNDA:0,getAllRoles
FNDA:0,getRoleById
FNDA:2,createRole
FNDA:1,updateRoleById
FNDA:2,replaceRolePermissions
FNDA:1,deleteRoleById
FNDA:2,getRolePermissions
FNDA:2,(anonymous_8)
FNDA:4,syncPermissions
FNDA:2,(anonymous_10)
DA:11,1
DA:12,1
DA:16,0
DA:17,0
DA:18,0
DA:20,0
DA:21,0
DA:27,0
DA:28,0
DA:29,0
DA:30,0
DA:32,0
DA:34,0
DA:35,0
DA:41,2
DA:42,2
DA:43,2
DA:44,2
DA:45,2
DA:47,0
DA:48,0
DA:54,1
DA:55,1
DA:56,1
DA:57,1
DA:58,0
DA:60,1
DA:62,0
DA:63,0
DA:69,2
DA:70,2
DA:71,2
DA:72,2
DA:73,0
DA:75,2
DA:76,2
DA:77,1
DA:79,1
DA:81,0
DA:82,0
DA:88,1
DA:89,1
DA:90,1
DA:91,0
DA:93,1
DA:95,0
DA:96,0
DA:102,2
DA:103,2
DA:104,2
DA:105,0
DA:108,2
DA:112,2
DA:113,2
DA:115,0
DA:116,0
DA:121,4
DA:122,4
DA:123,1
DA:125,3
DA:126,3
DA:127,2
DA:129,3
LF:63
LH:37
BRDA:29,0,0,0
BRDA:29,0,1,0
BRDA:42,1,0,2
BRDA:48,2,0,0
BRDA:48,2,1,0
BRDA:57,3,0,0
BRDA:57,3,1,1
BRDA:70,4,0,2
BRDA:70,4,1,0
BRDA:72,5,0,0
BRDA:72,5,1,2
BRDA:76,6,0,1
BRDA:76,6,1,1
BRDA:90,7,0,0
BRDA:90,7,1,1
BRDA:104,8,0,0
BRDA:104,8,1,2
BRDA:122,9,0,1
BRDA:122,9,1,3
BRDA:126,10,0,2
BRDA:126,10,1,1
BRF:21
BRH:12
end_of_record
TN:
SF:src\modules\roles\roles.dto.ts
FNF:0
FNH:0
DA:3,1
DA:11,1
DA:21,1
DA:27,1
LF:4
LH:4
BRF:0
BRH:0
end_of_record
TN:
SF:src\modules\roles\roles.repository.ts
FN:9,constructor
FNF:1
FNH:1
FNDA:1,constructor
DA:7,1
DA:8,1
DA:10,1
LF:3
LH:3
BRF:0
BRH:0
end_of_record
TN:
SF:src\modules\roles\roles.route.ts
FN:12,constructor
FN:18,initializeRoutes
FNF:2
FNH:2
FNDA:1,constructor
FNDA:1,initializeRoutes
DA:8,1
DA:9,1
DA:13,1
DA:14,1
DA:15,1
DA:19,1
DA:20,1
DA:21,1
DA:22,1
DA:23,1
DA:24,1
DA:25,1
LF:12
LH:12
BRF:0
BRH:0
end_of_record
TN:
SF:src\modules\roles\roles.service.ts
FN:6,constructor
FN:8,getAllRoles
FN:12,getOneRoleById
FN:16,createRole
FN:20,updateOneRoleById
FN:24,deleteOneRoleById
FNF:6
FNH:5
FNDA:1,constructor
FNDA:0,getAllRoles
FNDA:4,getOneRoleById
FNDA:2,createRole
FNDA:1,updateOneRoleById
FNDA:1,deleteOneRoleById
DA:5,1
DA:6,1
DA:9,0
DA:13,4
DA:17,2
DA:21,1
DA:25,1
LF:7
LH:6
BRDA:8,0,0,0
BRDA:8,1,0,0
BRF:2
BRH:0
end_of_record
TN:
SF:src\modules\users\me.controller.ts
FN:11,constructor
FN:14,getMe
FNF:2
FNH:2
FNDA:1,constructor
FNDA:1,getMe
DA:10,1
DA:11,1
DA:15,1
DA:16,1
DA:17,1
DA:18,0
DA:20,1
LF:7
LH:6
BRDA:17,0,0,0
BRDA:17,0,1,1
BRF:2
BRH:1
end_of_record
TN:
SF:src\modules\users\users.controller.ts
FN:11,constructor
FN:14,getAllUsers
FN:28,getUserById
FN:43,createUser
FN:62,updateUserById
FN:80,deleteUserById
FNF:6
FNH:6
FNDA:1,constructor
FNDA:1,getAllUsers
FNDA:1,getUserById
FNDA:2,createUser
FNDA:1,updateUserById
FNDA:1,deleteUserById
DA:10,1
DA:11,1
DA:15,1
DA:16,1
DA:17,1
DA:18,1
DA:20,1
DA:22,0
DA:23,0
DA:29,1
DA:30,1
DA:31,1
DA:32,1
DA:35,0
DA:37,0
DA:38,0
DA:44,2
DA:45,2
DA:46,2
DA:47,2
DA:48,1
DA:52,1
DA:54,1
DA:56,0
DA:57,0
DA:63,1
DA:64,1
DA:65,1
DA:66,1
DA:68,1
DA:69,0
DA:72,1
DA:74,0
DA:75,0
DA:81,1
DA:82,1
DA:83,1
DA:84,0
DA:87,1
DA:89,0
DA:90,0
LF:41
LH:28
BRDA:16,0,0,1
BRDA:16,0,1,0
BRDA:17,1,0,1
BRDA:17,1,1,1
BRDA:23,2,0,0
BRDA:23,2,1,0
BRDA:31,3,0,1
BRDA:31,3,1,0
BRDA:38,4,0,0
BRDA:38,4,1,0
BRDA:47,5,0,1
BRDA:47,5,1,1
BRDA:57,6,0,0
BRDA:57,6,1,0
BRDA:68,7,0,0
BRDA:68,7,1,1
BRDA:75,8,0,0
BRDA:75,8,1,0
BRDA:83,9,0,0
BRDA:83,9,1,1
BRDA:90,10,0,0
BRDA:90,10,1,0
BRF:22
BRH:8
end_of_record
TN:
SF:src\modules\users\users.dto.ts
FNF:0
FNH:0
DA:3,1
DA:10,1
DA:14,1
DA:24,1
DA:33,1
LF:5
LH:5
BRF:0
BRH:0
end_of_record
TN:
SF:src\modules\users\users.repository.ts
FN:9,constructor
FNF:1
FNH:1
FNDA:1,constructor
DA:7,1
DA:8,1
DA:10,1
LF:3
LH:3
BRF:0
BRH:0
end_of_record
TN:
SF:src\modules\users\users.route.ts
FN:14,constructor
FN:21,initializeRoutes
FNF:2
FNH:2
FNDA:1,constructor
FNDA:1,initializeRoutes
DA:9,1
DA:10,1
DA:15,1
DA:16,1
DA:17,1
DA:18,1
DA:22,1
DA:23,1
DA:24,1
DA:25,1
DA:26,1
DA:27,1
LF:12
LH:12
BRF:0
BRH:0
end_of_record
TN:
SF:src\modules\users\users.service.ts
FN:7,constructor
FN:9,getAllUsers
FN:17,getOneUser
FN:21,getOneUserById
FN:30,createUser
FN:39,updateOneUserById
FN:45,deleteOneUserById
FN:49,stripPassword
FNF:8
FNH:8
FNDA:3,constructor
FNDA:1,getAllUsers
FNDA:24,getOneUser
FNDA:3,getOneUserById
FNDA:11,createUser
FNDA:1,updateOneUserById
FNDA:1,deleteOneUserById
FNDA:14,stripPassword
DA:6,1
DA:7,3
DA:10,1
DA:18,24
DA:22,3
DA:23,3
DA:24,2
DA:31,11
DA:32,11
DA:33,11
DA:35,11
DA:36,11
DA:40,1
DA:41,1
DA:42,1
DA:46,1
DA:50,14
DA:51,14
DA:52,14
LF:19
LH:19
BRDA:9,0,0,1
BRDA:9,1,0,1
BRDA:9,2,0,1
BRDA:23,3,0,1
BRDA:23,3,1,2
BRDA:32,4,0,11
BRDA:32,4,1,0
BRDA:41,5,0,0
BRDA:41,5,1,1
BRDA:50,6,0,14
BRDA:50,6,1,0
BRF:11
BRH:8
end_of_record
